[19-May-2022 00:48:10 Europe/Minsk] PHP Fatal error:  Uncaught ArgumentCountError: fopen() expects at least 2 arguments, 1 given in C:\WebData\PhpPractica\LB6\script\login.php:5
Stack trace:
#0 C:\WebData\PhpPractica\LB6\script\login.php(5): fopen('../html/login.h...')
#1 {main}
  thrown in C:\WebData\PhpPractica\LB6\script\login.php on line 5
[19-May-2022 01:13:23 Europe/Minsk] PHP Warning:  require_once(../class/UsersInfo): Failed to open stream: No such file or directory in C:\WebData\PhpPractica\LB6\script\login.php on line 13
[19-May-2022 01:13:23 Europe/Minsk] PHP Fatal error:  Uncaught Error: Failed opening required '../class/UsersInfo' (include_path='.;C:\php\pear') in C:\WebData\PhpPractica\LB6\script\login.php:13
Stack trace:
#0 {main}
  thrown in C:\WebData\PhpPractica\LB6\script\login.php on line 13
[19-May-2022 01:14:31 Europe/Minsk] PHP Fatal error:  Uncaught Error: Class "UserInfo" not found in C:\WebData\PhpPractica\LB6\script\login.php:14
Stack trace:
#0 {main}
  thrown in C:\WebData\PhpPractica\LB6\script\login.php on line 14
[19-May-2022 01:14:55 Europe/Minsk] PHP Fatal error:  Uncaught Error: Undefined constant "USERS_FILE" in C:\WebData\PhpPractica\LB6\script\login.php:14
Stack trace:
#0 {main}
  thrown in C:\WebData\PhpPractica\LB6\script\login.php on line 14
[19-May-2022 01:15:39 Europe/Minsk] PHP Fatal error:  Uncaught Error: Undefined constant "USERS_FILE" in C:\WebData\PhpPractica\LB6\script\login.php:14
Stack trace:
#0 {main}
  thrown in C:\WebData\PhpPractica\LB6\script\login.php on line 14
[19-May-2022 01:16:22 Europe/Minsk] PHP Fatal error:  Uncaught Error: Undefined constant "USERS_FILE" in C:\WebData\PhpPractica\LB6\script\login.php:14
Stack trace:
#0 {main}
  thrown in C:\WebData\PhpPractica\LB6\script\login.php on line 14
[19-May-2022 01:17:13 Europe/Minsk] PHP Fatal error:  Uncaught Error: Undefined constant "USERS_FILE" in C:\WebData\PhpPractica\LB6\script\login.php:14
Stack trace:
#0 {main}
  thrown in C:\WebData\PhpPractica\LB6\script\login.php on line 14
[19-May-2022 01:18:37 Europe/Minsk] PHP Fatal error:  Uncaught Error: Undefined constant "USERS_FILE" in C:\WebData\PhpPractica\LB6\script\login.php:15
Stack trace:
#0 {main}
  thrown in C:\WebData\PhpPractica\LB6\script\login.php on line 15
[19-May-2022 01:20:24 Europe/Minsk] PHP Fatal error:  Uncaught Exception: Неверный тип хранилища in C:\WebData\PhpPractica\LB6\class\UsersInfo.php:16
Stack trace:
#0 C:\WebData\PhpPractica\LB6\script\login.php(15): UsersInfo->__construct(1, '../data/usersPa...')
#1 {main}
  thrown in C:\WebData\PhpPractica\LB6\class\UsersInfo.php on line 16
[19-May-2022 01:52:55 Europe/Minsk] PHP Notice:  fread(): Read of 8192 bytes failed with errno=9 Bad file descriptor in C:\WebData\PhpPractica\LB6\class\UsersInfo.php on line 49
[19-May-2022 01:52:56 Europe/Minsk] PHP Fatal error:  Uncaught Exception: Ошибка чтения файла in C:\WebData\PhpPractica\LB6\class\UsersInfo.php:50
Stack trace:
#0 C:\WebData\PhpPractica\LB6\script\login.php(21): UsersInfo->findUserPassword('Nikita')
#1 {main}
  thrown in C:\WebData\PhpPractica\LB6\class\UsersInfo.php on line 50
[19-May-2022 02:11:24 Europe/Minsk] PHP Fatal error:  Uncaught Error: Call to private method UsersInfo::checkName() from global scope in C:\WebData\PhpPractica\LB6\script\login.php:23
Stack trace:
#0 {main}
  thrown in C:\WebData\PhpPractica\LB6\script\login.php on line 23
[19-May-2022 02:25:12 Europe/Minsk] PHP Fatal error:  Uncaught Error: Call to undefined method UsersInfo::chekName() in C:\WebData\PhpPractica\LB6\script\login.php:25
Stack trace:
#0 {main}
  thrown in C:\WebData\PhpPractica\LB6\script\login.php on line 25
[19-May-2022 02:28:10 Europe/Minsk] PHP Fatal error:  Uncaught ValueError: fread(): Argument #2 ($length) must be greater than 0 in C:\WebData\PhpPractica\LB6\class\UsersInfo.php:57
Stack trace:
#0 C:\WebData\PhpPractica\LB6\class\UsersInfo.php(57): fread(Resource id #6, 0)
#1 C:\WebData\PhpPractica\LB6\script\login.php(27): UsersInfo->findUserPassword('asd')
#2 {main}
  thrown in C:\WebData\PhpPractica\LB6\class\UsersInfo.php on line 57
[19-May-2022 03:15:53 Europe/Minsk] PHP Warning:  Undefined array key "login" in C:\WebData\PhpPractica\LB6\script\login.php on line 15
[19-May-2022 03:19:55 Europe/Minsk] PHP Fatal error:  Uncaught ArgumentCountError: Too few arguments to function changeEditValue(), 1 passed in C:\WebData\PhpPractica\LB6\script\login.php on line 14 and exactly 2 expected in C:\WebData\PhpPractica\LB6\script\login.php:5
Stack trace:
#0 C:\WebData\PhpPractica\LB6\script\login.php(14): changeEditValue('Ha')
#1 C:\WebData\PhpPractica\LB6\script\login.php(19): exitSctipt('\xD0\x92\xD1\x8B \xD0\xBD\xD0\xB5 \xD0\xB2\xD0\xB2\xD0...')
#2 {main}
  thrown in C:\WebData\PhpPractica\LB6\script\login.php on line 5
[19-May-2022 03:31:20 Europe/Minsk] PHP Warning:  Undefined array key "login" in C:\WebData\PhpPractica\LB6\script\login.php on line 19
[19-May-2022 03:40:42 Europe/Minsk] PHP Fatal error:  Uncaught ValueError: fread(): Argument #2 ($length) must be greater than 0 in C:\WebData\PhpPractica\LB6\class\UsersInfo.php:69
Stack trace:
#0 C:\WebData\PhpPractica\LB6\class\UsersInfo.php(69): fread(Resource id #6, 0)
#1 C:\WebData\PhpPractica\LB6\script\login.php(45): UsersInfo->findUserPassword('Nikita')
#2 {main}
  thrown in C:\WebData\PhpPractica\LB6\class\UsersInfo.php on line 69
[19-May-2022 17:57:01 Europe/Minsk] PHP Warning:  Undefined variable $fileSize in C:\WebData\PhpPractica\LB6\class\UsersInfo.php on line 60
[19-May-2022 17:57:01 Europe/Minsk] PHP Deprecated:  fread(): Passing null to parameter #2 ($length) of type int is deprecated in C:\WebData\PhpPractica\LB6\class\UsersInfo.php on line 60
[19-May-2022 17:57:01 Europe/Minsk] PHP Fatal error:  Uncaught ValueError: fread(): Argument #2 ($length) must be greater than 0 in C:\WebData\PhpPractica\LB6\class\UsersInfo.php:60
Stack trace:
#0 C:\WebData\PhpPractica\LB6\class\UsersInfo.php(60): fread(Resource id #6, NULL)
#1 C:\WebData\PhpPractica\LB6\script\login.php(37): UsersInfo->addNewUser('Nik', '123')
#2 {main}
  thrown in C:\WebData\PhpPractica\LB6\class\UsersInfo.php on line 60
[19-May-2022 18:04:39 Europe/Minsk] PHP Fatal error:  Uncaught ArgumentCountError: fopen() expects at least 2 arguments, 1 given in C:\WebData\PhpPractica\LB6\class\UsersInfo.php:68
Stack trace:
#0 C:\WebData\PhpPractica\LB6\class\UsersInfo.php(68): fopen('../data/userFol...')
#1 C:\WebData\PhpPractica\LB6\script\login.php(37): UsersInfo->addNewUser('Nikita', '123')
#2 {main}
  thrown in C:\WebData\PhpPractica\LB6\class\UsersInfo.php on line 68
[19-May-2022 18:05:34 Europe/Minsk] PHP Fatal error:  Uncaught TypeError: fclose(): Argument #1 ($stream) must be of type resource, int given in C:\WebData\PhpPractica\LB6\class\UsersInfo.php:69
Stack trace:
#0 C:\WebData\PhpPractica\LB6\class\UsersInfo.php(69): fclose(0)
#1 C:\WebData\PhpPractica\LB6\script\login.php(37): UsersInfo->addNewUser('Nikita', '123')
#2 {main}
  thrown in C:\WebData\PhpPractica\LB6\class\UsersInfo.php on line 69
[19-May-2022 18:06:57 Europe/Minsk] PHP Warning:  mkdir(): File exists in C:\WebData\PhpPractica\LB6\class\UsersInfo.php on line 68
[19-May-2022 18:06:57 Europe/Minsk] PHP Fatal error:  Uncaught Exception: Не получилось создать папку пользователя in C:\WebData\PhpPractica\LB6\class\UsersInfo.php:68
Stack trace:
#0 C:\WebData\PhpPractica\LB6\script\login.php(37): UsersInfo->addNewUser('Nikita', '123')
#1 {main}
  thrown in C:\WebData\PhpPractica\LB6\class\UsersInfo.php on line 68
[19-May-2022 21:04:15 Europe/Minsk] PHP Fatal error:  Uncaught Exception: ../data/1 is not exists in C:\WebData\PhpPractica\LB6\class\FileSystemObject.php:93
Stack trace:
#0 C:\WebData\PhpPractica\LB6\script\mainPage.php(13): FileSystemObject::readCatalog('../data/1')
#1 {main}
  thrown in C:\WebData\PhpPractica\LB6\class\FileSystemObject.php on line 93
[19-May-2022 21:06:04 Europe/Minsk] PHP Warning:  Undefined variable $__DIR__ in C:\WebData\PhpPractica\LB6\script\mainPage.php on line 13
[19-May-2022 21:06:04 Europe/Minsk] PHP Fatal error:  Uncaught Exception: ../data/1 is not exists in C:\WebData\PhpPractica\LB6\class\FileSystemObject.php:93
Stack trace:
#0 C:\WebData\PhpPractica\LB6\script\mainPage.php(13): FileSystemObject::readCatalog('../data/1')
#1 {main}
  thrown in C:\WebData\PhpPractica\LB6\class\FileSystemObject.php on line 93
[19-May-2022 21:06:38 Europe/Minsk] PHP Fatal error:  Uncaught Exception: C:\WebData\PhpPractica\LB6\script../data/1 is not exists in C:\WebData\PhpPractica\LB6\class\FileSystemObject.php:93
Stack trace:
#0 C:\WebData\PhpPractica\LB6\script\mainPage.php(13): FileSystemObject::readCatalog('C:\\WebData\\PhpP...')
#1 {main}
  thrown in C:\WebData\PhpPractica\LB6\class\FileSystemObject.php on line 93
[19-May-2022 21:07:04 Europe/Minsk] PHP Fatal error:  Uncaught Exception: C:\WebData\PhpPractica\LB6\script\..\data\{1} is not exists in C:\WebData\PhpPractica\LB6\class\FileSystemObject.php:93
Stack trace:
#0 C:\WebData\PhpPractica\LB6\script\mainPage.php(13): FileSystemObject::readCatalog('C:\\WebData\\PhpP...')
#1 {main}
  thrown in C:\WebData\PhpPractica\LB6\class\FileSystemObject.php on line 93
[19-May-2022 21:08:27 Europe/Minsk] PHP Fatal error:  Uncaught Exception: C:\WebData\PhpPractica\LB6\script\..\data"1 is not exists in C:\WebData\PhpPractica\LB6\class\FileSystemObject.php:93
Stack trace:
#0 C:\WebData\PhpPractica\LB6\script\mainPage.php(13): FileSystemObject::readCatalog('C:\\WebData\\PhpP...')
#1 {main}
  thrown in C:\WebData\PhpPractica\LB6\class\FileSystemObject.php on line 93
[19-May-2022 21:08:57 Europe/Minsk] PHP Fatal error:  Uncaught Exception: C:\WebData\PhpPractica\LB6\script\..\data\1 is not exists in C:\WebData\PhpPractica\LB6\class\FileSystemObject.php:93
Stack trace:
#0 C:\WebData\PhpPractica\LB6\script\mainPage.php(13): FileSystemObject::readCatalog('C:\\WebData\\PhpP...')
#1 {main}
  thrown in C:\WebData\PhpPractica\LB6\class\FileSystemObject.php on line 93
[19-May-2022 21:22:59 Europe/Minsk] PHP Warning:  Undefined variable $argc in C:\WebData\PhpPractica\LB6\script\mainPage.php on line 4
[19-May-2022 21:23:02 Europe/Minsk] PHP Warning:  Undefined variable $argc in C:\WebData\PhpPractica\LB6\script\mainPage.php on line 4
[19-May-2022 21:23:02 Europe/Minsk] PHP Warning:  Undefined variable $argc in C:\WebData\PhpPractica\LB6\script\mainPage.php on line 4
[19-May-2022 21:23:24 Europe/Minsk] PHP Warning:  Undefined variable $argc in C:\WebData\PhpPractica\LB6\script\mainPage.php on line 4
[19-May-2022 21:28:57 Europe/Minsk] PHP Warning:  Undefined variable $argc in C:\WebData\PhpPractica\LB6\script\mainPage.php on line 4
[19-May-2022 21:29:11 Europe/Minsk] PHP Warning:  Undefined variable $argc in C:\WebData\PhpPractica\LB6\script\mainPage.php on line 4
[19-May-2022 21:33:05 Europe/Minsk] PHP Warning:  Undefined variable $argc in C:\WebData\PhpPractica\LB6\script\mainPage.php on line 4
[19-May-2022 21:42:31 Europe/Minsk] PHP Warning:  Undefined variable $argc in C:\WebData\PhpPractica\LB6\script\mainPage.php on line 4
[19-May-2022 21:42:33 Europe/Minsk] PHP Warning:  Undefined variable $argc in C:\WebData\PhpPractica\LB6\script\mainPage.php on line 4
[19-May-2022 21:43:11 Europe/Minsk] PHP Warning:  Undefined variable $argc in C:\WebData\PhpPractica\LB6\script\mainPage.php on line 4
[19-May-2022 21:43:11 Europe/Minsk] PHP Warning:  Undefined variable $argc in C:\WebData\PhpPractica\LB6\script\mainPage.php on line 4
[19-May-2022 21:43:12 Europe/Minsk] PHP Warning:  Undefined variable $argc in C:\WebData\PhpPractica\LB6\script\mainPage.php on line 4
[19-May-2022 21:43:12 Europe/Minsk] PHP Warning:  Undefined variable $argc in C:\WebData\PhpPractica\LB6\script\mainPage.php on line 4
[19-May-2022 21:43:13 Europe/Minsk] PHP Warning:  Undefined variable $argc in C:\WebData\PhpPractica\LB6\script\mainPage.php on line 4
[19-May-2022 21:43:13 Europe/Minsk] PHP Warning:  Undefined variable $argc in C:\WebData\PhpPractica\LB6\script\mainPage.php on line 4
[19-May-2022 21:43:13 Europe/Minsk] PHP Warning:  Undefined variable $argc in C:\WebData\PhpPractica\LB6\script\mainPage.php on line 4
[19-May-2022 21:43:50 Europe/Minsk] PHP Warning:  Undefined variable $argc in C:\WebData\PhpPractica\LB6\script\mainPage.php on line 4
[19-May-2022 21:43:54 Europe/Minsk] PHP Warning:  Undefined variable $argc in C:\WebData\PhpPractica\LB6\script\mainPage.php on line 4
[19-May-2022 21:43:55 Europe/Minsk] PHP Warning:  Undefined variable $argc in C:\WebData\PhpPractica\LB6\script\mainPage.php on line 4
[19-May-2022 21:43:55 Europe/Minsk] PHP Warning:  Undefined variable $argc in C:\WebData\PhpPractica\LB6\script\mainPage.php on line 4
[19-May-2022 21:43:55 Europe/Minsk] PHP Warning:  Undefined variable $argc in C:\WebData\PhpPractica\LB6\script\mainPage.php on line 4
[19-May-2022 21:43:56 Europe/Minsk] PHP Warning:  Undefined variable $argc in C:\WebData\PhpPractica\LB6\script\mainPage.php on line 4
[19-May-2022 21:43:56 Europe/Minsk] PHP Warning:  Undefined variable $argc in C:\WebData\PhpPractica\LB6\script\mainPage.php on line 4
[19-May-2022 21:44:18 Europe/Minsk] PHP Warning:  Undefined variable $argc in C:\WebData\PhpPractica\LB6\script\mainPage.php on line 4
[19-May-2022 21:45:00 Europe/Minsk] PHP Fatal error:  Uncaught Error: Call to undefined function alert() in C:\WebData\PhpPractica\LB6\script\mainPage.php:19
Stack trace:
#0 {main}
  thrown in C:\WebData\PhpPractica\LB6\script\mainPage.php on line 19
[19-May-2022 21:45:14 Europe/Minsk] PHP Warning:  Undefined variable $argc in C:\WebData\PhpPractica\LB6\script\mainPage.php on line 3
[19-May-2022 21:45:14 Europe/Minsk] PHP Warning:  Undefined variable $argc in C:\WebData\PhpPractica\LB6\script\mainPage.php on line 3
[19-May-2022 21:46:46 Europe/Minsk] PHP Warning:  Undefined variable $argc in C:\WebData\PhpPractica\LB6\script\mainPage.php on line 3
[19-May-2022 21:46:48 Europe/Minsk] PHP Warning:  Undefined variable $argc in C:\WebData\PhpPractica\LB6\script\mainPage.php on line 3
[19-May-2022 21:46:50 Europe/Minsk] PHP Warning:  Undefined variable $argc in C:\WebData\PhpPractica\LB6\script\mainPage.php on line 3
[19-May-2022 21:46:56 Europe/Minsk] PHP Warning:  Undefined variable $argc in C:\WebData\PhpPractica\LB6\script\mainPage.php on line 3
[19-May-2022 21:48:49 Europe/Minsk] PHP Warning:  Undefined variable $argc in C:\WebData\PhpPractica\LB6\script\mainPage.php on line 3
[19-May-2022 21:48:49 Europe/Minsk] PHP Warning:  Undefined variable $argc in C:\WebData\PhpPractica\LB6\script\mainPage.php on line 3
[19-May-2022 21:48:51 Europe/Minsk] PHP Warning:  Undefined variable $argc in C:\WebData\PhpPractica\LB6\script\mainPage.php on line 3
[19-May-2022 21:48:51 Europe/Minsk] PHP Warning:  Undefined variable $argc in C:\WebData\PhpPractica\LB6\script\mainPage.php on line 3
[19-May-2022 21:48:52 Europe/Minsk] PHP Warning:  Undefined variable $argc in C:\WebData\PhpPractica\LB6\script\mainPage.php on line 3
[19-May-2022 21:48:53 Europe/Minsk] PHP Warning:  Undefined variable $argc in C:\WebData\PhpPractica\LB6\script\mainPage.php on line 3
[19-May-2022 21:48:54 Europe/Minsk] PHP Warning:  Undefined variable $argc in C:\WebData\PhpPractica\LB6\script\mainPage.php on line 3
[19-May-2022 21:48:54 Europe/Minsk] PHP Warning:  Undefined variable $argc in C:\WebData\PhpPractica\LB6\script\mainPage.php on line 3
[19-May-2022 21:48:55 Europe/Minsk] PHP Warning:  Undefined variable $argc in C:\WebData\PhpPractica\LB6\script\mainPage.php on line 3
[19-May-2022 21:48:57 Europe/Minsk] PHP Warning:  Undefined variable $argc in C:\WebData\PhpPractica\LB6\script\mainPage.php on line 3
[19-May-2022 21:48:57 Europe/Minsk] PHP Warning:  Undefined variable $argc in C:\WebData\PhpPractica\LB6\script\mainPage.php on line 3
[19-May-2022 21:48:58 Europe/Minsk] PHP Warning:  Undefined variable $argc in C:\WebData\PhpPractica\LB6\script\mainPage.php on line 3
[19-May-2022 22:08:15 Europe/Minsk] PHP Warning:  Undefined variable $argc in C:\WebData\PhpPractica\LB6\script\mainPage.php on line 3
[19-May-2022 22:08:17 Europe/Minsk] PHP Warning:  Undefined variable $argc in C:\WebData\PhpPractica\LB6\script\mainPage.php on line 3
[19-May-2022 22:08:17 Europe/Minsk] PHP Warning:  Undefined variable $argc in C:\WebData\PhpPractica\LB6\script\mainPage.php on line 3
[19-May-2022 22:08:39 Europe/Minsk] PHP Warning:  Undefined variable $argc in C:\WebData\PhpPractica\LB6\script\mainPage.php on line 3
[19-May-2022 22:08:40 Europe/Minsk] PHP Warning:  Undefined variable $argc in C:\WebData\PhpPractica\LB6\script\mainPage.php on line 3
[19-May-2022 22:08:59 Europe/Minsk] PHP Warning:  Undefined variable $argc in C:\WebData\PhpPractica\LB6\script\mainPage.php on line 3
[19-May-2022 22:09:00 Europe/Minsk] PHP Warning:  Undefined variable $argc in C:\WebData\PhpPractica\LB6\script\mainPage.php on line 3
[19-May-2022 22:14:02 Europe/Minsk] PHP Warning:  Undefined variable $argc in C:\WebData\PhpPractica\LB6\script\mainPage.php on line 3
[19-May-2022 22:14:39 Europe/Minsk] PHP Warning:  Undefined variable $argc in C:\WebData\PhpPractica\LB6\script\mainPage.php on line 3
[19-May-2022 22:16:09 Europe/Minsk] PHP Warning:  Undefined variable $argc in C:\WebData\PhpPractica\LB6\script\mainPage.php on line 3
[19-May-2022 22:17:14 Europe/Minsk] PHP Warning:  Undefined variable $argc in C:\WebData\PhpPractica\LB6\script\mainPage.php on line 5
[19-May-2022 22:20:09 Europe/Minsk] PHP Warning:  Undefined variable $argc in C:\WebData\PhpPractica\LB6\script\mainPage.php on line 5
[19-May-2022 22:20:15 Europe/Minsk] PHP Warning:  Undefined variable $argc in C:\WebData\PhpPractica\LB6\script\mainPage.php on line 5
[19-May-2022 22:20:40 Europe/Minsk] PHP Warning:  Undefined variable $argc in C:\WebData\PhpPractica\LB6\script\mainPage.php on line 6
[19-May-2022 22:21:03 Europe/Minsk] PHP Fatal error:  Uncaught Error: Call to undefined method FileSystemObject::getName() in C:\WebData\PhpPractica\LB6\script\mainPage.php:25
Stack trace:
#0 {main}
  thrown in C:\WebData\PhpPractica\LB6\script\mainPage.php on line 25
[19-May-2022 22:21:21 Europe/Minsk] PHP Fatal error:  Uncaught Error: Call to undefined method FileSystemObject::getName() in C:\WebData\PhpPractica\LB6\script\mainPage.php:24
Stack trace:
#0 {main}
  thrown in C:\WebData\PhpPractica\LB6\script\mainPage.php on line 24
[19-May-2022 22:34:11 Europe/Minsk] PHP Fatal error:  Uncaught TypeError: fread(): Argument #2 ($length) must be of type int, string given in C:\WebData\PhpPractica\LB6\script\mainPage.php:40
Stack trace:
#0 C:\WebData\PhpPractica\LB6\script\mainPage.php(40): fread(Resource id #5, '3 B')
#1 {main}
  thrown in C:\WebData\PhpPractica\LB6\script\mainPage.php on line 40
[19-May-2022 22:35:39 Europe/Minsk] PHP Fatal error:  Uncaught ValueError: fread(): Argument #2 ($length) must be greater than 0 in C:\WebData\PhpPractica\LB6\script\mainPage.php:40
Stack trace:
#0 C:\WebData\PhpPractica\LB6\script\mainPage.php(40): fread(Resource id #5, 0)
#1 {main}
  thrown in C:\WebData\PhpPractica\LB6\script\mainPage.php on line 40
[19-May-2022 22:37:15 Europe/Minsk] PHP Fatal error:  Uncaught ValueError: fread(): Argument #2 ($length) must be greater than 0 in C:\WebData\PhpPractica\LB6\script\mainPage.php:40
Stack trace:
#0 C:\WebData\PhpPractica\LB6\script\mainPage.php(40): fread(Resource id #5, 0)
#1 {main}
  thrown in C:\WebData\PhpPractica\LB6\script\mainPage.php on line 40
[19-May-2022 22:50:20 Europe/Minsk] PHP Warning:  mb_ereg_replace(): mbregex compile err: premature end of char-class in C:\WebData\PhpPractica\LB6\script\mainPage.php on line 42
[19-May-2022 23:02:49 Europe/Minsk] PHP Fatal error:  Uncaught TypeError: Unsupported operand types: string + string in C:\WebData\PhpPractica\LB6\script\mainPage.php:44
Stack trace:
#0 {main}
  thrown in C:\WebData\PhpPractica\LB6\script\mainPage.php on line 44
[19-May-2022 23:34:28 Europe/Minsk] PHP Fatal error:  Uncaught ValueError: fread(): Argument #2 ($length) must be greater than 0 in C:\WebData\PhpPractica\LB6\script\mainPage.php:42
Stack trace:
#0 C:\WebData\PhpPractica\LB6\script\mainPage.php(42): fread(Resource id #5, 0)
#1 {main}
  thrown in C:\WebData\PhpPractica\LB6\script\mainPage.php on line 42
[19-May-2022 23:35:21 Europe/Minsk] PHP Fatal error:  Uncaught ValueError: fread(): Argument #2 ($length) must be greater than 0 in C:\WebData\PhpPractica\LB6\script\mainPage.php:42
Stack trace:
#0 C:\WebData\PhpPractica\LB6\script\mainPage.php(42): fread(Resource id #5, 0)
#1 {main}
  thrown in C:\WebData\PhpPractica\LB6\script\mainPage.php on line 42
[19-May-2022 23:35:36 Europe/Minsk] PHP Fatal error:  Uncaught ValueError: fread(): Argument #2 ($length) must be greater than 0 in C:\WebData\PhpPractica\LB6\script\mainPage.php:42
Stack trace:
#0 C:\WebData\PhpPractica\LB6\script\mainPage.php(42): fread(Resource id #5, 0)
#1 {main}
  thrown in C:\WebData\PhpPractica\LB6\script\mainPage.php on line 42
[20-May-2022 00:05:53 Europe/Minsk] PHP Parse error:  syntax error, unexpected identifier "move_uploaded_file" in C:\WebData\PhpPractica\LB6\script\mainPage.php on line 23
[20-May-2022 00:18:52 Europe/Minsk] PHP Warning:  readfile(1.png): Failed to open stream: No such file or directory in C:\WebData\PhpPractica\LB6\script\mainPage.php on line 50
[20-May-2022 00:19:19 Europe/Minsk] PHP Warning:  readfile(1.txt): Failed to open stream: No such file or directory in C:\WebData\PhpPractica\LB6\script\mainPage.php on line 50
[20-May-2022 00:19:20 Europe/Minsk] PHP Warning:  readfile(FileSystemObject.php): Failed to open stream: No such file or directory in C:\WebData\PhpPractica\LB6\script\mainPage.php on line 50
[20-May-2022 00:19:21 Europe/Minsk] PHP Warning:  readfile(1.txt): Failed to open stream: No such file or directory in C:\WebData\PhpPractica\LB6\script\mainPage.php on line 50
[20-May-2022 00:19:22 Europe/Minsk] PHP Warning:  readfile(1.png): Failed to open stream: No such file or directory in C:\WebData\PhpPractica\LB6\script\mainPage.php on line 50
[20-May-2022 00:19:22 Europe/Minsk] PHP Warning:  readfile(1.txt): Failed to open stream: No such file or directory in C:\WebData\PhpPractica\LB6\script\mainPage.php on line 50
[20-May-2022 00:19:25 Europe/Minsk] PHP Warning:  readfile(1.png): Failed to open stream: No such file or directory in C:\WebData\PhpPractica\LB6\script\mainPage.php on line 50
[20-May-2022 00:19:26 Europe/Minsk] PHP Warning:  readfile(1.txt): Failed to open stream: No such file or directory in C:\WebData\PhpPractica\LB6\script\mainPage.php on line 50
[20-May-2022 00:19:27 Europe/Minsk] PHP Warning:  readfile(FileSystemObject.php): Failed to open stream: No such file or directory in C:\WebData\PhpPractica\LB6\script\mainPage.php on line 50
[20-May-2022 00:19:27 Europe/Minsk] PHP Warning:  readfile(1.txt): Failed to open stream: No such file or directory in C:\WebData\PhpPractica\LB6\script\mainPage.php on line 50
[20-May-2022 00:19:28 Europe/Minsk] PHP Warning:  readfile(1.png): Failed to open stream: No such file or directory in C:\WebData\PhpPractica\LB6\script\mainPage.php on line 50
[20-May-2022 00:19:44 Europe/Minsk] PHP Warning:  readfile(1.png): Failed to open stream: No such file or directory in C:\WebData\PhpPractica\LB6\script\mainPage.php on line 50
[20-May-2022 00:19:45 Europe/Minsk] PHP Warning:  readfile(1.txt): Failed to open stream: No such file or directory in C:\WebData\PhpPractica\LB6\script\mainPage.php on line 50
[20-May-2022 00:19:45 Europe/Minsk] PHP Warning:  readfile(FileSystemObject.php): Failed to open stream: No such file or directory in C:\WebData\PhpPractica\LB6\script\mainPage.php on line 50
[20-May-2022 00:19:46 Europe/Minsk] PHP Warning:  readfile(1.txt): Failed to open stream: No such file or directory in C:\WebData\PhpPractica\LB6\script\mainPage.php on line 50
[20-May-2022 00:20:13 Europe/Minsk] PHP Warning:  readfile(1.txt): Failed to open stream: No such file or directory in C:\WebData\PhpPractica\LB6\script\mainPage.php on line 50
[20-May-2022 00:20:59 Europe/Minsk] PHP Warning:  Undefined property: FileSystemObject::$getFullPath in C:\WebData\PhpPractica\LB6\script\mainPage.php on line 50
[20-May-2022 00:20:59 Europe/Minsk] PHP Deprecated:  readfile(): Passing null to parameter #1 ($filename) of type string is deprecated in C:\WebData\PhpPractica\LB6\script\mainPage.php on line 50
[20-May-2022 00:20:59 Europe/Minsk] PHP Fatal error:  Uncaught ValueError: Path cannot be empty in C:\WebData\PhpPractica\LB6\script\mainPage.php:50
Stack trace:
#0 C:\WebData\PhpPractica\LB6\script\mainPage.php(50): readfile('')
#1 {main}
  thrown in C:\WebData\PhpPractica\LB6\script\mainPage.php on line 50
[20-May-2022 00:21:00 Europe/Minsk] PHP Warning:  Undefined property: FileSystemObject::$getFullPath in C:\WebData\PhpPractica\LB6\script\mainPage.php on line 50
[20-May-2022 00:21:00 Europe/Minsk] PHP Deprecated:  readfile(): Passing null to parameter #1 ($filename) of type string is deprecated in C:\WebData\PhpPractica\LB6\script\mainPage.php on line 50
[20-May-2022 00:21:00 Europe/Minsk] PHP Fatal error:  Uncaught ValueError: Path cannot be empty in C:\WebData\PhpPractica\LB6\script\mainPage.php:50
Stack trace:
#0 C:\WebData\PhpPractica\LB6\script\mainPage.php(50): readfile('')
#1 {main}
  thrown in C:\WebData\PhpPractica\LB6\script\mainPage.php on line 50
[20-May-2022 00:21:15 Europe/Minsk] PHP Warning:  Undefined property: FileSystemObject::$getFullPath in C:\WebData\PhpPractica\LB6\script\mainPage.php on line 50
[20-May-2022 00:21:15 Europe/Minsk] PHP Deprecated:  readfile(): Passing null to parameter #1 ($filename) of type string is deprecated in C:\WebData\PhpPractica\LB6\script\mainPage.php on line 50
[20-May-2022 00:21:15 Europe/Minsk] PHP Fatal error:  Uncaught ValueError: Path cannot be empty in C:\WebData\PhpPractica\LB6\script\mainPage.php:50
Stack trace:
#0 C:\WebData\PhpPractica\LB6\script\mainPage.php(50): readfile('')
#1 {main}
  thrown in C:\WebData\PhpPractica\LB6\script\mainPage.php on line 50
[20-May-2022 00:50:56 Europe/Minsk] PHP Warning:  require_once(./UserInfo.php): Failed to open stream: No such file or directory in C:\WebData\PhpPractica\LB6\class\UserInfoFile.php on line 2
[20-May-2022 00:50:56 Europe/Minsk] PHP Fatal error:  Uncaught Error: Failed opening required './UserInfo.php' (include_path='.;C:\php\pear') in C:\WebData\PhpPractica\LB6\class\UserInfoFile.php:2
Stack trace:
#0 C:\WebData\PhpPractica\LB6\script\login.php(26): require_once()
#1 {main}
  thrown in C:\WebData\PhpPractica\LB6\class\UserInfoFile.php on line 2
[20-May-2022 00:51:31 Europe/Minsk] PHP Warning:  require_once(../class/UserInfo.php): Failed to open stream: No such file or directory in C:\WebData\PhpPractica\LB6\class\UserInfoFile.php on line 2
[20-May-2022 00:51:31 Europe/Minsk] PHP Fatal error:  Uncaught Error: Failed opening required '../class/UserInfo.php' (include_path='.;C:\php\pear') in C:\WebData\PhpPractica\LB6\class\UserInfoFile.php:2
Stack trace:
#0 C:\WebData\PhpPractica\LB6\script\login.php(26): require_once()
#1 {main}
  thrown in C:\WebData\PhpPractica\LB6\class\UserInfoFile.php on line 2
[20-May-2022 00:51:59 Europe/Minsk] PHP Warning:  require_once(./UsersInfo.php): Failed to open stream: No such file or directory in C:\WebData\PhpPractica\LB6\class\UserInfoFile.php on line 2
[20-May-2022 00:51:59 Europe/Minsk] PHP Fatal error:  Uncaught Error: Failed opening required './UsersInfo.php' (include_path='.;C:\php\pear') in C:\WebData\PhpPractica\LB6\class\UserInfoFile.php:2
Stack trace:
#0 C:\WebData\PhpPractica\LB6\script\login.php(26): require_once()
#1 {main}
  thrown in C:\WebData\PhpPractica\LB6\class\UserInfoFile.php on line 2
[20-May-2022 00:52:17 Europe/Minsk] PHP Fatal error:  Uncaught Error: Cannot access private constant UsersInfo::FORMAT_OFFSET in C:\WebData\PhpPractica\LB6\class\UserInfoFile.php:68
Stack trace:
#0 C:\WebData\PhpPractica\LB6\script\login.php(41): UserInfoFile->findUserPassword('Nikita')
#1 {main}
  thrown in C:\WebData\PhpPractica\LB6\class\UserInfoFile.php on line 68
[20-May-2022 00:52:44 Europe/Minsk] PHP Fatal error:  Uncaught TypeError: UserInfoFile::findUserPassword(): Return value must be of type array|bool, none returned in C:\WebData\PhpPractica\LB6\class\UserInfoFile.php:75
Stack trace:
#0 C:\WebData\PhpPractica\LB6\script\login.php(41): UserInfoFile->findUserPassword('Nikita')
#1 {main}
  thrown in C:\WebData\PhpPractica\LB6\class\UserInfoFile.php on line 75
[20-May-2022 01:31:08 Europe/Minsk] PHP Fatal error:  Cannot declare class UserInfoFile, because the name is already in use in C:\WebData\PhpPractica\LB6\class\UserInfoMysql.php on line 4
[20-May-2022 01:33:33 Europe/Minsk] PHP Warning:  Undefined variable $mysqli in C:\WebData\PhpPractica\LB6\class\UserInfoMysql.php on line 23
[20-May-2022 01:33:33 Europe/Minsk] PHP Fatal error:  Uncaught Error: Call to a member function query() on null in C:\WebData\PhpPractica\LB6\class\UserInfoMysql.php:23
Stack trace:
#0 C:\WebData\PhpPractica\LB6\script\login.php(40): UserInfoMysql->addNewUser('asdf', '123')
#1 {main}
  thrown in C:\WebData\PhpPractica\LB6\class\UserInfoMysql.php on line 23
[20-May-2022 01:33:52 Europe/Minsk] PHP Warning:  mkdir(): File exists in C:\WebData\PhpPractica\LB6\class\UserInfoMysql.php on line 31
[20-May-2022 01:33:52 Europe/Minsk] PHP Fatal error:  Uncaught Exception: Не получилось создать папку пользователя in C:\WebData\PhpPractica\LB6\class\UserInfoMysql.php:31
Stack trace:
#0 C:\WebData\PhpPractica\LB6\script\login.php(40): UserInfoMysql->addNewUser('asdf', '123')
#1 {main}
  thrown in C:\WebData\PhpPractica\LB6\class\UserInfoMysql.php on line 31
[20-May-2022 01:35:22 Europe/Minsk] PHP Warning:  mkdir(): File exists in C:\WebData\PhpPractica\LB6\class\UserInfoMysql.php on line 31
[20-May-2022 01:35:38 Europe/Minsk] PHP Warning:  mkdir(): File exists in C:\WebData\PhpPractica\LB6\class\UserInfoMysql.php on line 31
[20-May-2022 01:36:33 Europe/Minsk] PHP Warning:  mkdir(): File exists in C:\WebData\PhpPractica\LB6\class\UserInfoMysql.php on line 31
[20-May-2022 01:38:30 Europe/Minsk] PHP Warning:  mkdir(): File exists in C:\WebData\PhpPractica\LB6\class\UserInfoMysql.php on line 33
